[0.074s] Invoking command in '/home/legion/dev_ws/src/my_bot/build/my_bot': CMAKE_PREFIX_PATH=${CMAKE_PREFIX_PATH}:/opt/ros/humble /usr/bin/cmake /home/legion/dev_ws/src/my_bot -DAMENT_CMAKE_SYMLINK_INSTALL=1 -DCMAKE_INSTALL_PREFIX=/home/legion/dev_ws/src/my_bot/install/my_bot
[0.216s] -- The C compiler identification is GNU 11.4.0
[0.360s] -- The CXX compiler identification is GNU 11.4.0
[0.387s] -- Detecting C compiler ABI info
[0.517s] -- Detecting C compiler ABI info - done
[0.520s] -- Check for working C compiler: /usr/bin/cc - skipped
[0.525s] -- Detecting C compile features
[0.526s] -- Detecting C compile features - done
[0.534s] -- Detecting CXX compiler ABI info
[0.654s] -- Detecting CXX compiler ABI info - done
[0.661s] -- Check for working CXX compiler: /usr/bin/c++ - skipped
[0.661s] -- Detecting CXX compile features
[0.662s] -- Detecting CXX compile features - done
[0.671s] -- Found ament_cmake: 1.3.5 (/opt/ros/humble/share/ament_cmake/cmake)
[0.856s] -- Found Python3: /usr/bin/python3.10 (found version "3.10.12") found components: Interpreter 
[0.939s] -- Override CMake install command with custom implementation using symlinks instead of copying resources
[0.985s] -- Found ament_lint_auto: 0.12.8 (/opt/ros/humble/share/ament_lint_auto/cmake)
[1.078s] -- Added test 'copyright' to check source files copyright and LICENSE
[1.091s] -- Added test 'cppcheck' to perform static code analysis on C / C++ code
[1.091s] -- Configured cppcheck include dirs: 
[1.092s] -- Configured cppcheck exclude dirs and/or files: 
[1.102s] -- Added test 'cpplint' to check C / C++ code against the Google style
[1.102s] -- Configured cpplint exclude dirs and/or files: 
[1.105s] -- Added test 'flake8' to check Python code syntax and style conventions
[1.108s] -- Added test 'lint_cmake' to check CMake code style
[1.111s] -- Added test 'pep257' to check Python code against some of the docstring style conventions in PEP 257
[1.124s] -- Added test 'uncrustify' to check C / C++ code style
[1.124s] -- Configured uncrustify additional arguments: 
[1.127s] -- Added test 'xmllint' to check XML markup files
[1.136s] -- Configuring done
[1.145s] -- Generating done
[1.146s] -- Build files have been written to: /home/legion/dev_ws/src/my_bot/build/my_bot
[1.149s] Invoked command in '/home/legion/dev_ws/src/my_bot/build/my_bot' returned '0': CMAKE_PREFIX_PATH=${CMAKE_PREFIX_PATH}:/opt/ros/humble /usr/bin/cmake /home/legion/dev_ws/src/my_bot -DAMENT_CMAKE_SYMLINK_INSTALL=1 -DCMAKE_INSTALL_PREFIX=/home/legion/dev_ws/src/my_bot/install/my_bot
[1.151s] Invoking command in '/home/legion/dev_ws/src/my_bot/build/my_bot': CMAKE_PREFIX_PATH=${CMAKE_PREFIX_PATH}:/opt/ros/humble /usr/bin/cmake --build /home/legion/dev_ws/src/my_bot/build/my_bot -- -j2 -l2
[1.195s] Invoked command in '/home/legion/dev_ws/src/my_bot/build/my_bot' returned '0': CMAKE_PREFIX_PATH=${CMAKE_PREFIX_PATH}:/opt/ros/humble /usr/bin/cmake --build /home/legion/dev_ws/src/my_bot/build/my_bot -- -j2 -l2
[1.240s] Invoking command in '/home/legion/dev_ws/src/my_bot/build/my_bot': CMAKE_PREFIX_PATH=${CMAKE_PREFIX_PATH}:/opt/ros/humble /usr/bin/cmake --install /home/legion/dev_ws/src/my_bot/build/my_bot
[1.249s] -- Install configuration: ""
[1.249s] -- Execute custom install script
[1.251s] -- Symlinking: /home/legion/dev_ws/src/my_bot/install/my_bot/share/my_bot/config/drive_bot.rviz
[1.262s] -- Symlinking: /home/legion/dev_ws/src/my_bot/install/my_bot/share/my_bot/config/empty.yaml
[1.270s] -- Symlinking: /home/legion/dev_ws/src/my_bot/install/my_bot/share/my_bot/config/view_bot.rviz
[1.279s] -- Symlinking: /home/legion/dev_ws/src/my_bot/install/my_bot/share/my_bot/description/camera.xacro
[1.291s] -- Symlinking: /home/legion/dev_ws/src/my_bot/install/my_bot/share/my_bot/description/gazebo_control.xacro
[1.301s] -- Symlinking: /home/legion/dev_ws/src/my_bot/install/my_bot/share/my_bot/description/inertial_macros.xacro
[1.310s] -- Symlinking: /home/legion/dev_ws/src/my_bot/install/my_bot/share/my_bot/description/lidar.xacro
[1.320s] -- Symlinking: /home/legion/dev_ws/src/my_bot/install/my_bot/share/my_bot/description/robot.urdf.xacro
[1.332s] -- Symlinking: /home/legion/dev_ws/src/my_bot/install/my_bot/share/my_bot/description/robot_core.xacro
[1.340s] -- Symlinking: /home/legion/dev_ws/src/my_bot/install/my_bot/share/my_bot/launch/launch_sim.launch.py
[1.352s] -- Symlinking: /home/legion/dev_ws/src/my_bot/install/my_bot/share/my_bot/launch/rsp.launch.py
[1.362s] -- Symlinking: /home/legion/dev_ws/src/my_bot/install/my_bot/share/my_bot/worlds/empty.world
[1.370s] -- Symlinking: /home/legion/dev_ws/src/my_bot/install/my_bot/share/my_bot/worlds/my_world.world
[1.380s] -- Symlinking: /home/legion/dev_ws/src/my_bot/install/my_bot/share/ament_index/resource_index/package_run_dependencies/my_bot
[1.390s] -- Symlinking: /home/legion/dev_ws/src/my_bot/install/my_bot/share/ament_index/resource_index/parent_prefix_path/my_bot
[1.403s] -- Symlinking: /home/legion/dev_ws/src/my_bot/install/my_bot/share/my_bot/environment/ament_prefix_path.sh
[1.418s] -- Symlinking: /home/legion/dev_ws/src/my_bot/install/my_bot/share/my_bot/environment/ament_prefix_path.dsv
[1.426s] -- Symlinking: /home/legion/dev_ws/src/my_bot/install/my_bot/share/my_bot/environment/path.sh
[1.441s] -- Symlinking: /home/legion/dev_ws/src/my_bot/install/my_bot/share/my_bot/environment/path.dsv
[1.460s] -- Symlinking: /home/legion/dev_ws/src/my_bot/install/my_bot/share/my_bot/local_setup.bash
[1.473s] -- Symlinking: /home/legion/dev_ws/src/my_bot/install/my_bot/share/my_bot/local_setup.sh
[1.486s] -- Symlinking: /home/legion/dev_ws/src/my_bot/install/my_bot/share/my_bot/local_setup.zsh
[1.497s] -- Symlinking: /home/legion/dev_ws/src/my_bot/install/my_bot/share/my_bot/local_setup.dsv
[1.513s] -- Symlinking: /home/legion/dev_ws/src/my_bot/install/my_bot/share/my_bot/package.dsv
[1.524s] -- Symlinking: /home/legion/dev_ws/src/my_bot/install/my_bot/share/ament_index/resource_index/packages/my_bot
[1.536s] -- Symlinking: /home/legion/dev_ws/src/my_bot/install/my_bot/share/my_bot/cmake/my_botConfig.cmake
[1.554s] -- Symlinking: /home/legion/dev_ws/src/my_bot/install/my_bot/share/my_bot/cmake/my_botConfig-version.cmake
[1.567s] -- Symlinking: /home/legion/dev_ws/src/my_bot/install/my_bot/share/my_bot/package.xml
[1.579s] Invoked command in '/home/legion/dev_ws/src/my_bot/build/my_bot' returned '0': CMAKE_PREFIX_PATH=${CMAKE_PREFIX_PATH}:/opt/ros/humble /usr/bin/cmake --install /home/legion/dev_ws/src/my_bot/build/my_bot
